This file contains any messages produced by compilers while
running configure, to aid debugging if configure makes a mistake.

It was created by Endless Brazil configure 0, which was
generated by GNU Autoconf 2.69.  Invocation command line was

  $ ./configure --prefix /home/endless/install --libdir /home/endless/install/lib --disable-static --disable-gtk-doc

## --------- ##
## Platform. ##
## --------- ##

hostname = ubuntu
uname -m = i686
uname -r = 3.8.0-19-generic
uname -s = Linux
uname -v = #29-Ubuntu SMP Wed Apr 17 18:19:42 UTC 2013

/usr/bin/uname -p = unknown
/bin/uname -X     = unknown

/bin/arch              = unknown
/usr/bin/arch -k       = unknown
/usr/convex/getsysinfo = unknown
/usr/bin/hostinfo      = unknown
/bin/machine           = unknown
/usr/bin/oslevel       = unknown
/bin/universe          = unknown

PATH: /home/endless/install/bin
PATH: /usr/local/sbin
PATH: /usr/local/bin
PATH: /usr/sbin
PATH: /usr/bin
PATH: /sbin
PATH: /bin
PATH: /usr/games
PATH: /usr/local/games
PATH: /home/endless/.local/bin


## ----------- ##
## Core tests. ##
## ----------- ##

configure:2031: checking for a BSD-compatible install
configure:2099: result: /home/endless/.local/bin/install-check
configure:2110: checking whether build environment is sane
configure:2165: result: yes
configure:2316: checking for a thread-safe mkdir -p
configure:2355: result: /bin/mkdir -p
configure:2362: checking for gawk
configure:2392: result: no
configure:2362: checking for mawk
configure:2378: found /usr/bin/mawk
configure:2389: result: mawk
configure:2400: checking whether make sets $(MAKE)
configure:2422: result: yes
configure:2451: checking whether make supports nested variables
configure:2468: result: yes
configure:2564: checking whether make supports nested variables
configure:2581: result: yes
configure:2695: checking for linguas
configure:2712: result: 
configure:2775: checking for pkg-config
configure:2793: found /usr/bin/pkg-config
configure:2805: result: /usr/bin/pkg-config
configure:2830: checking pkg-config is at least version 0.9.0
configure:2833: result: yes
configure:2850: checking whether NLS is requested
configure:2859: result: yes
configure:2900: checking for msgfmt
configure: trying /usr/bin/msgfmt...
0 translated messages.
configure:2932: result: /usr/bin/msgfmt
configure:2941: checking for gmsgfmt
configure:2972: result: /usr/bin/msgfmt
configure:3023: checking for xgettext
configure: trying /usr/bin/xgettext...
/usr/bin/xgettext: warning: file `/dev/null' extension `' is unknown; will try C
configure:3055: result: /usr/bin/xgettext
configure:3101: checking for msgmerge
configure: trying /usr/bin/msgmerge...
configure:3132: result: /usr/bin/msgmerge
configure:3177: checking for style of include used by make
configure:3205: result: GNU
configure:3276: checking for gcc
configure:3292: found /usr/bin/gcc
configure:3303: result: gcc
configure:3532: checking for C compiler version
configure:3541: gcc --version >&5
gcc (Ubuntu/Linaro 4.7.3-1ubuntu1) 4.7.3
Copyright (C) 2012 Free Software Foundation, Inc.
This is free software; see the source for copying conditions.  There is NO
warranty; not even for MERCHANTABILITY or FITNESS FOR A PARTICULAR PURPOSE.

configure:3552: $? = 0
configure:3541: gcc -v >&5
Using built-in specs.
COLLECT_GCC=gcc
COLLECT_LTO_WRAPPER=/usr/lib/gcc/i686-linux-gnu/4.7/lto-wrapper
Target: i686-linux-gnu
Configured with: ../src/configure -v --with-pkgversion='Ubuntu/Linaro 4.7.3-1ubuntu1' --with-bugurl=file:///usr/share/doc/gcc-4.7/README.Bugs --enable-languages=c,c++,go,fortran,objc,obj-c++ --prefix=/usr --program-suffix=-4.7 --enable-shared --enable-linker-build-id --libexecdir=/usr/lib --without-included-gettext --enable-threads=posix --with-gxx-include-dir=/usr/include/c++/4.7 --libdir=/usr/lib --enable-nls --with-sysroot=/ --enable-clocale=gnu --enable-libstdcxx-debug --enable-libstdcxx-time=yes --enable-gnu-unique-object --enable-plugin --with-system-zlib --enable-objc-gc --enable-targets=all --with-cloog --enable-cloog-backend=ppl --disable-cloog-version-check --disable-ppl-version-check --enable-multiarch --disable-werror --with-arch-32=i686 --with-multilib-list=m32,m64,mx32 --with-tune=generic --enable-checking=release --build=i686-linux-gnu --host=i686-linux-gnu --target=i686-linux-gnu
Thread model: posix
gcc version 4.7.3 (Ubuntu/Linaro 4.7.3-1ubuntu1) 
configure:3552: $? = 0
configure:3541: gcc -V >&5
gcc: error: unrecognized command line option '-V'
gcc: fatal error: no input files
compilation terminated.
configure:3552: $? = 4
configure:3541: gcc -qversion >&5
gcc: error: unrecognized command line option '-qversion'
gcc: fatal error: no input files
compilation terminated.
configure:3552: $? = 4
configure:3572: checking whether the C compiler works
configure:3594: gcc -g -O0  -L/home/endless/install/lib -L/home/endless/install/lib -L/home/endless/install/lib  conftest.c  >&5
configure:3598: $? = 0
configure:3646: result: yes
configure:3649: checking for C compiler default output file name
configure:3651: result: a.out
configure:3657: checking for suffix of executables
configure:3664: gcc -o conftest -g -O0  -L/home/endless/install/lib -L/home/endless/install/lib -L/home/endless/install/lib  conftest.c  >&5
configure:3668: $? = 0
configure:3690: result: 
configure:3712: checking whether we are cross compiling
configure:3720: gcc -o conftest -g -O0  -L/home/endless/install/lib -L/home/endless/install/lib -L/home/endless/install/lib  conftest.c  >&5
configure:3724: $? = 0
configure:3731: ./conftest
configure:3735: $? = 0
configure:3750: result: no
configure:3755: checking for suffix of object files
configure:3777: gcc -c -g -O0  conftest.c >&5
configure:3781: $? = 0
configure:3802: result: o
configure:3806: checking whether we are using the GNU C compiler
configure:3825: gcc -c -g -O0  conftest.c >&5
configure:3825: $? = 0
configure:3834: result: yes
configure:3843: checking whether gcc accepts -g
configure:3863: gcc -c -g  conftest.c >&5
configure:3863: $? = 0
configure:3904: result: yes
configure:3921: checking for gcc option to accept ISO C89
configure:3984: gcc  -c -g -O0  conftest.c >&5
configure:3984: $? = 0
configure:3997: result: none needed
configure:4019: checking dependency style of gcc
configure:4130: result: none
configure:4149: checking build system type
configure:4163: result: i686-pc-linux-gnu
configure:4183: checking host system type
configure:4196: result: i686-pc-linux-gnu
configure:4240: checking for ld used by GCC
configure:4304: result: /usr/bin/ld
configure:4311: checking if the linker (/usr/bin/ld) is GNU ld
configure:4324: result: yes
configure:4331: checking for shared library run path origin
configure:4344: result: done
configure:4369: checking how to run the C preprocessor
configure:4400: gcc -E  conftest.c
configure:4400: $? = 0
configure:4414: gcc -E  conftest.c
conftest.c:12:28: fatal error: ac_nonexistent.h: No such file or directory
compilation terminated.
configure:4414: $? = 1
configure: failed program was:
| /* confdefs.h */
| #define PACKAGE_NAME "Endless Brazil"
| #define PACKAGE_TARNAME "eos-brazil"
| #define PACKAGE_VERSION "0"
| #define PACKAGE_STRING "Endless Brazil 0"
| #define PACKAGE_BUGREPORT ""
| #define PACKAGE_URL "http://endlessm.com"
| #define PACKAGE "eos-brazil"
| #define VERSION "0"
| #define GETTEXT_PACKAGE "eos-brazil"
| /* end confdefs.h.  */
| #include <ac_nonexistent.h>
configure:4439: result: gcc -E
configure:4459: gcc -E  conftest.c
configure:4459: $? = 0
configure:4473: gcc -E  conftest.c
conftest.c:12:28: fatal error: ac_nonexistent.h: No such file or directory
compilation terminated.
configure:4473: $? = 1
configure: failed program was:
| /* confdefs.h */
| #define PACKAGE_NAME "Endless Brazil"
| #define PACKAGE_TARNAME "eos-brazil"
| #define PACKAGE_VERSION "0"
| #define PACKAGE_STRING "Endless Brazil 0"
| #define PACKAGE_BUGREPORT ""
| #define PACKAGE_URL "http://endlessm.com"
| #define PACKAGE "eos-brazil"
| #define VERSION "0"
| #define GETTEXT_PACKAGE "eos-brazil"
| /* end confdefs.h.  */
| #include <ac_nonexistent.h>
configure:4502: checking for grep that handles long lines and -e
configure:4560: result: /bin/grep
configure:4565: checking for egrep
configure:4627: result: /bin/grep -E
configure:5185: checking for CFPreferencesCopyAppValue
configure:5203: gcc -o conftest -g -O0  -L/home/endless/install/lib -L/home/endless/install/lib -L/home/endless/install/lib  conftest.c  -Wl,-framework -Wl,CoreFoundation >&5
conftest.c:12:42: fatal error: CoreFoundation/CFPreferences.h: No such file or directory
compilation terminated.
configure:5203: $? = 1
configure: failed program was:
| /* confdefs.h */
| #define PACKAGE_NAME "Endless Brazil"
| #define PACKAGE_TARNAME "eos-brazil"
| #define PACKAGE_VERSION "0"
| #define PACKAGE_STRING "Endless Brazil 0"
| #define PACKAGE_BUGREPORT ""
| #define PACKAGE_URL "http://endlessm.com"
| #define PACKAGE "eos-brazil"
| #define VERSION "0"
| #define GETTEXT_PACKAGE "eos-brazil"
| /* end confdefs.h.  */
| #include <CoreFoundation/CFPreferences.h>
| int
| main ()
| {
| CFPreferencesCopyAppValue(NULL, NULL)
|   ;
|   return 0;
| }
configure:5212: result: no
configure:5219: checking for CFLocaleCopyCurrent
configure:5237: gcc -o conftest -g -O0  -L/home/endless/install/lib -L/home/endless/install/lib -L/home/endless/install/lib  conftest.c  -Wl,-framework -Wl,CoreFoundation >&5
conftest.c:12:37: fatal error: CoreFoundation/CFLocale.h: No such file or directory
compilation terminated.
configure:5237: $? = 1
configure: failed program was:
| /* confdefs.h */
| #define PACKAGE_NAME "Endless Brazil"
| #define PACKAGE_TARNAME "eos-brazil"
| #define PACKAGE_VERSION "0"
| #define PACKAGE_STRING "Endless Brazil 0"
| #define PACKAGE_BUGREPORT ""
| #define PACKAGE_URL "http://endlessm.com"
| #define PACKAGE "eos-brazil"
| #define VERSION "0"
| #define GETTEXT_PACKAGE "eos-brazil"
| /* end confdefs.h.  */
| #include <CoreFoundation/CFLocale.h>
| int
| main ()
| {
| CFLocaleCopyCurrent();
|   ;
|   return 0;
| }
configure:5246: result: no
configure:5295: checking for GNU gettext in libc
configure:5315: gcc -o conftest -g -O0  -L/home/endless/install/lib -L/home/endless/install/lib -L/home/endless/install/lib  conftest.c  >&5
configure:5315: $? = 0
configure:5324: result: yes
configure:6115: checking whether to use NLS
configure:6117: result: yes
configure:6120: checking where the gettext function comes from
configure:6131: result: libc
configure:6283: checking for EOS_BRAZIL
configure:6290: $PKG_CONFIG --exists --print-errors "$EOS_SDK_REQUIREMENT"
configure:6293: $? = 0
configure:6307: $PKG_CONFIG --exists --print-errors "$EOS_SDK_REQUIREMENT"
configure:6310: $? = 0
configure:6368: result: yes
configure:6610: checking that generated files are newer than configure
configure:6616: result: done
configure:6639: creating ./config.status

## ---------------------- ##
## Running config.status. ##
## ---------------------- ##

This file was extended by Endless Brazil config.status 0, which was
generated by GNU Autoconf 2.69.  Invocation command line was

  CONFIG_FILES    = 
  CONFIG_HEADERS  = 
  CONFIG_LINKS    = 
  CONFIG_COMMANDS = 
  $ ./config.status 

on ubuntu

config.status:821: creating Makefile
config.status:821: creating po/Makefile.in
config.status:993: executing po-directories commands
config.status:993: executing depfiles commands
configure:7887: WARNING: unrecognized options: --disable-static, --disable-gtk-doc

## ---------------- ##
## Cache variables. ##
## ---------------- ##

ac_cv_build=i686-pc-linux-gnu
ac_cv_c_compiler_gnu=yes
ac_cv_env_CC_set=
ac_cv_env_CC_value=
ac_cv_env_CFLAGS_set=set
ac_cv_env_CFLAGS_value='-g -O0'
ac_cv_env_CPPFLAGS_set=
ac_cv_env_CPPFLAGS_value=
ac_cv_env_CPP_set=
ac_cv_env_CPP_value=
ac_cv_env_EOS_BRAZIL_CFLAGS_set=
ac_cv_env_EOS_BRAZIL_CFLAGS_value=
ac_cv_env_EOS_BRAZIL_LIBS_set=
ac_cv_env_EOS_BRAZIL_LIBS_value=
ac_cv_env_LDFLAGS_set=set
ac_cv_env_LDFLAGS_value='-L/home/endless/install/lib -L/home/endless/install/lib -L/home/endless/install/lib '
ac_cv_env_LIBS_set=
ac_cv_env_LIBS_value=
ac_cv_env_PKG_CONFIG_LIBDIR_set=
ac_cv_env_PKG_CONFIG_LIBDIR_value=
ac_cv_env_PKG_CONFIG_PATH_set=set
ac_cv_env_PKG_CONFIG_PATH_value=/home/endless/install/lib/pkgconfig:/home/endless/install/share/pkgconfig:/usr/lib/pkgconfig:/usr/share/pkgconfig
ac_cv_env_PKG_CONFIG_set=
ac_cv_env_PKG_CONFIG_value=
ac_cv_env_build_alias_set=
ac_cv_env_build_alias_value=
ac_cv_env_host_alias_set=
ac_cv_env_host_alias_value=
ac_cv_env_target_alias_set=
ac_cv_env_target_alias_value=
ac_cv_host=i686-pc-linux-gnu
ac_cv_objext=o
ac_cv_path_EGREP='/bin/grep -E'
ac_cv_path_GMSGFMT=/usr/bin/msgfmt
ac_cv_path_GREP=/bin/grep
ac_cv_path_MSGFMT=/usr/bin/msgfmt
ac_cv_path_MSGMERGE=/usr/bin/msgmerge
ac_cv_path_XGETTEXT=/usr/bin/xgettext
ac_cv_path_ac_pt_PKG_CONFIG=/usr/bin/pkg-config
ac_cv_path_mkdir=/bin/mkdir
ac_cv_prog_AWK=mawk
ac_cv_prog_CPP='gcc -E'
ac_cv_prog_ac_ct_CC=gcc
ac_cv_prog_cc_c89=
ac_cv_prog_cc_g=yes
ac_cv_prog_make_make_set=yes
acl_cv_hardcode_direct=no
acl_cv_hardcode_libdir_flag_spec='${wl}-rpath ${wl}$libdir'
acl_cv_hardcode_libdir_separator=
acl_cv_hardcode_minus_L=no
acl_cv_libext=a
acl_cv_libname_spec='lib$name'
acl_cv_library_names_spec='$libname$shrext'
acl_cv_path_LD=/usr/bin/ld
acl_cv_prog_gnu_ld=yes
acl_cv_rpath=done
acl_cv_shlibext=so
acl_cv_wl=-Wl,
am_cv_CC_dependencies_compiler_type=none
am_cv_make_support_nested_variables=yes
gt_cv_func_CFLocaleCopyCurrent=no
gt_cv_func_CFPreferencesCopyAppValue=no
gt_cv_func_gnugettext1_libc=yes
pkg_cv_EOS_BRAZIL_CFLAGS='-pthread -I/home/endless/install/include/endless-0 -I/usr/include/glib-2.0 -I/usr/lib/i386-linux-gnu/glib-2.0/include -I/usr/include/gtk-3.0 -I/usr/include/atk-1.0 -I/usr/include/at-spi2-atk/2.0 -I/usr/include/pango-1.0 -I/usr/include/gio-unix-2.0/ -I/usr/include/cairo -I/usr/include/gdk-pixbuf-2.0 -I/usr/include/harfbuzz -I/usr/include/freetype2 -I/usr/include/pixman-1 -I/usr/include/libpng12  '
pkg_cv_EOS_BRAZIL_LIBS='-L/home/endless/install/lib -lendless-0  '

## ----------------- ##
## Output variables. ##
## ----------------- ##

ACLOCAL='${SHELL} /home/endless/checkout/eos-wikipedia-brazil/missing aclocal-1.13'
ALL_LINGUAS=''
AMDEPBACKSLASH='\'
AMDEP_FALSE='#'
AMDEP_TRUE=''
AMTAR='$${TAR-tar}'
AM_BACKSLASH='\'
AM_DEFAULT_V='$(AM_DEFAULT_VERBOSITY)'
AM_DEFAULT_VERBOSITY='0'
AM_V='$(V)'
AUTOCONF='${SHELL} /home/endless/checkout/eos-wikipedia-brazil/missing autoconf'
AUTOHEADER='${SHELL} /home/endless/checkout/eos-wikipedia-brazil/missing autoheader'
AUTOMAKE='${SHELL} /home/endless/checkout/eos-wikipedia-brazil/missing automake-1.13'
AWK='mawk'
CC='gcc'
CCDEPMODE='depmode=none'
CFLAGS='-g -O0'
CPP='gcc -E'
CPPFLAGS=''
CYGPATH_W='echo'
DEFS='-DPACKAGE_NAME=\"Endless\ Brazil\" -DPACKAGE_TARNAME=\"eos-brazil\" -DPACKAGE_VERSION=\"0\" -DPACKAGE_STRING=\"Endless\ Brazil\ 0\" -DPACKAGE_BUGREPORT=\"\" -DPACKAGE_URL=\"http://endlessm.com\" -DPACKAGE=\"eos-brazil\" -DVERSION=\"0\" -DGETTEXT_PACKAGE=\"eos-brazil\" -DENABLE_NLS=1 -DHAVE_GETTEXT=1 -DHAVE_DCGETTEXT=1'
DEPDIR='.deps'
ECHO_C=''
ECHO_N='-n'
ECHO_T=''
EGREP='/bin/grep -E'
EOS_BRAZIL_CFLAGS='-pthread -I/home/endless/install/include/endless-0 -I/usr/include/glib-2.0 -I/usr/lib/i386-linux-gnu/glib-2.0/include -I/usr/include/gtk-3.0 -I/usr/include/atk-1.0 -I/usr/include/at-spi2-atk/2.0 -I/usr/include/pango-1.0 -I/usr/include/gio-unix-2.0/ -I/usr/include/cairo -I/usr/include/gdk-pixbuf-2.0 -I/usr/include/harfbuzz -I/usr/include/freetype2 -I/usr/include/pixman-1 -I/usr/include/libpng12  '
EOS_BRAZIL_LIBS='-L/home/endless/install/lib -lendless-0  '
EXEEXT=''
GETTEXT_MACRO_VERSION='0.18'
GETTEXT_PACKAGE='eos-brazil'
GLIB_COMPILE_RESOURCES='/usr/lib/i386-linux-gnu/glib-2.0/glib-compile-resources'
GMSGFMT='/usr/bin/msgfmt'
GMSGFMT_015='/usr/bin/msgfmt'
GREP='/bin/grep'
INSTALL_DATA='${INSTALL} -m 644'
INSTALL_PROGRAM='${INSTALL}'
INSTALL_SCRIPT='${INSTALL}'
INSTALL_STRIP_PROGRAM='$(install_sh) -c -s'
INTLLIBS=''
INTL_MACOSX_LIBS=''
LDFLAGS='-L/home/endless/install/lib -L/home/endless/install/lib -L/home/endless/install/lib '
LIBICONV='-liconv'
LIBINTL=''
LIBOBJS=''
LIBS=''
LTLIBICONV='-liconv'
LTLIBINTL=''
LTLIBOBJS=''
MAKEINFO='${SHELL} /home/endless/checkout/eos-wikipedia-brazil/missing makeinfo'
MKDIR_P='/bin/mkdir -p'
MSGFMT='/usr/bin/msgfmt'
MSGFMT_015='/usr/bin/msgfmt'
MSGMERGE='/usr/bin/msgmerge'
OBJEXT='o'
PACKAGE='eos-brazil'
PACKAGE_BUGREPORT=''
PACKAGE_NAME='Endless Brazil'
PACKAGE_STRING='Endless Brazil 0'
PACKAGE_TARNAME='eos-brazil'
PACKAGE_URL='http://endlessm.com'
PACKAGE_VERSION='0'
PATH_SEPARATOR=':'
PKG_CONFIG='/usr/bin/pkg-config'
PKG_CONFIG_LIBDIR=''
PKG_CONFIG_PATH='/home/endless/install/lib/pkgconfig:/home/endless/install/share/pkgconfig:/usr/lib/pkgconfig:/usr/share/pkgconfig'
POSUB='po'
SET_MAKE=''
SHELL='/bin/bash'
STRIP=''
USE_NLS='yes'
VERSION='0'
XGETTEXT='/usr/bin/xgettext'
XGETTEXT_015='/usr/bin/xgettext'
XGETTEXT_EXTRA_OPTIONS=''
ac_ct_CC='gcc'
am__EXEEXT_FALSE=''
am__EXEEXT_TRUE='#'
am__fastdepCC_FALSE=''
am__fastdepCC_TRUE='#'
am__include='include'
am__isrc=''
am__leading_dot='.'
am__nodep='_no'
am__quote=''
am__tar='$${TAR-tar} chof - "$$tardir"'
am__untar='$${TAR-tar} xf -'
bindir='${exec_prefix}/bin'
build='i686-pc-linux-gnu'
build_alias=''
build_cpu='i686'
build_os='linux-gnu'
build_vendor='pc'
datadir='${datarootdir}'
datarootdir='${prefix}/share'
docdir='${datarootdir}/doc/${PACKAGE_TARNAME}'
dvidir='${docdir}'
exec_prefix='${prefix}'
host='i686-pc-linux-gnu'
host_alias=''
host_cpu='i686'
host_os='linux-gnu'
host_vendor='pc'
htmldir='${docdir}'
includedir='${prefix}/include'
infodir='${datarootdir}/info'
install_sh='${SHELL} /home/endless/checkout/eos-wikipedia-brazil/install-sh'
libdir='/home/endless/install/lib'
libexecdir='${exec_prefix}/libexec'
localedir='${datarootdir}/locale'
localstatedir='${prefix}/var'
mandir='${datarootdir}/man'
mkdir_p='/bin/mkdir -p'
oldincludedir='/usr/include'
pdfdir='${docdir}'
prefix='/home/endless/install'
program_transform_name='s,x,x,'
psdir='${docdir}'
sbindir='${exec_prefix}/sbin'
sharedstatedir='${prefix}/com'
sysconfdir='${prefix}/etc'
target_alias=''

## ----------- ##
## confdefs.h. ##
## ----------- ##

/* confdefs.h */
#define PACKAGE_NAME "Endless Brazil"
#define PACKAGE_TARNAME "eos-brazil"
#define PACKAGE_VERSION "0"
#define PACKAGE_STRING "Endless Brazil 0"
#define PACKAGE_BUGREPORT ""
#define PACKAGE_URL "http://endlessm.com"
#define PACKAGE "eos-brazil"
#define VERSION "0"
#define GETTEXT_PACKAGE "eos-brazil"
#define ENABLE_NLS 1
#define HAVE_GETTEXT 1
#define HAVE_DCGETTEXT 1

configure: exit 0
